<?xml version="1.0" encoding="UTF-8"?>
<!-- Generated by org.testng.reporters.JUnitReportReporter -->
<testsuite hostname="Sivashankari" failures="0" tests="1" name="StepDefinition.LoginStep" time="0.000" errors="0" timestamp="2022-09-23T00:44:52 CDT" skipped="1">
  <testcase classname="StepDefinition.LoginStep" name="login" time="0.000">
    <skipped/>
  </testcase> <!-- login -->
  <system-out/>
</testsuite> <!-- StepDefinition.LoginStep -->
